<?xml version="1.0" encoding="UTF-8"?>
<testsuite name="TestSuite" time="154.512" tests="3" errors="0" skipped="0" failures="2">
  <properties>
[...]
</properties>
  <testcase name="testTemperature" classname="com.qa.ndtv.test.weather.TemperatureTest" time="50.204">
    <failure message="expected [true] but found [false]" type="java.lang.AssertionError">java.lang.AssertionError: expected [true] but found [false]
	at org.testng.Assert.fail(Assert.java:96)
	at org.testng.Assert.failNotEquals(Assert.java:776)
	at org.testng.Assert.assertTrue(Assert.java:44)
	at org.testng.Assert.assertTrue(Assert.java:54)
	at com.qa.ndtv.test.weather.TemperatureTest.testTemperature(TemperatureTest.java:42)
</failure>
    <system-out><![CDATA[Configuring TestNG with: TestNG652Configurator
http://api.openweathermap.org/data/2.5/weather?q=Kolkata&appid=7fe67bf08c80ded756e598d6f8fedaea
]]></system-out>
    <system-err>Sep 14, 2020 4:33:08 PM org.openqa.selenium.remote.DesiredCapabilities chrome
INFO: Using `new ChromeOptions()` is preferred to `DesiredCapabilities.chrome()`
Sep 14, 2020 4:33:08 PM org.openqa.selenium.remote.DesiredCapabilities chrome
INFO: Using `new ChromeOptions()` is preferred to `DesiredCapabilities.chrome()`
Sep 14, 2020 4:33:08 PM org.openqa.selenium.remote.DesiredCapabilities chrome
INFO: Using `new ChromeOptions()` is preferred to `DesiredCapabilities.chrome()`
Sep 14, 2020 4:33:12 PM org.openqa.selenium.remote.ProtocolHandshake createSession
INFO: Detected dialect: W3C
Sep 14, 2020 4:33:15 PM org.openqa.selenium.remote.ProtocolHandshake createSession
INFO: Detected dialect: W3C
Sep 14, 2020 4:33:17 PM org.openqa.selenium.remote.ProtocolHandshake createSession
INFO: Detected dialect: W3C
</system-err>
  </testcase>
  <testcase name="testTemperature" classname="com.qa.ndtv.test.weather.TemperatureTest" time="52.154"/>
  <testcase name="testTemperature" classname="com.qa.ndtv.test.weather.TemperatureTest" time="52.154">
    <failure message="Temperature of weather in ui 86.0 in farenheit is not within permissable range of 5.0 with the temperature in api 91.4 expected [true] but found [false]" type="java.lang.AssertionError">java.lang.AssertionError: Temperature of weather in ui 86.0 in farenheit is not within permissable range of 5.0 with the temperature in api 91.4 expected [true] but found [false]
	at org.testng.Assert.fail(Assert.java:96)
	at org.testng.Assert.failNotEquals(Assert.java:776)
	at org.testng.Assert.assertTrue(Assert.java:44)
	at com.qa.ndtv.test.weather.TemperatureTest.testTemperature(TemperatureTest.java:74)
</failure>
  </testcase>
</testsuite>